2025-12-11 10:48:36 START monitor (Interval=10 s, CPU>80, RAM>80, DiskFree<10)
2025-12-11 10:49:23 STATS CPU=6% RAM=63.28% DISKFREE=14.31%
2025-12-11 10:49:41 STATS CPU=9.63% RAM=64.05% DISKFREE=14.31%
2025-12-11 10:49:55 STATS CPU=9.76% RAM=65.3% DISKFREE=14.31%
2025-12-11 10:50:10 STATS CPU=14.44% RAM=68.15% DISKFREE=14.31%
2025-12-11 10:55:30 STATS CPU=5.81% RAM=67.98% DISKFREE=14.31%
2025-12-12 14:01:00 START monitor (Interval=10 s, CPU>80, RAM>80, DiskFree<10)
2025-12-12 14:01:20 STATS CPU=6.95% RAM=82.19% DISKFREE=14.44%
2025-12-12 14:01:24 ALERT: Hoher RAM-Verbrauch - RAM: 82.19% > Grenzwert 80%
2025-12-12 14:01:46 STATS CPU=0.18% RAM=81.66% DISKFREE=14.44%
2025-12-12 14:02:02 STATS CPU=2.58% RAM=81.43% DISKFREE=14.44%
2025-12-12 14:02:22 STATS CPU=1.39% RAM=81.32% DISKFREE=14.44%
2025-12-12 14:02:37 STATS CPU=6.41% RAM=81.97% DISKFREE=14.44%
2025-12-12 14:02:52 STATS CPU=10.67% RAM=88.34% DISKFREE=14.44%
2025-12-12 14:03:07 STATS CPU=3.65% RAM=88.04% DISKFREE=14.44%
2025-12-12 14:03:22 STATS CPU=4.95% RAM=87.86% DISKFREE=14.44%
2025-12-12 14:03:37 STATS CPU=2.5% RAM=87.71% DISKFREE=14.44%
2025-12-12 14:03:51 STATS CPU=9.59% RAM=88.24% DISKFREE=14.44%
2025-12-12 14:04:05 STATS CPU=9.33% RAM=88.53% DISKFREE=14.44%
2025-12-12 14:04:20 STATS CPU=2.63% RAM=88.45% DISKFREE=14.44%
2025-12-12 14:04:35 STATS CPU=2.01% RAM=88.69% DISKFREE=14.44%
2025-12-12 14:04:50 STATS CPU=16.59% RAM=86.7% DISKFREE=14.44%
2025-12-12 14:05:08 STATS CPU=7.41% RAM=88.34% DISKFREE=14.44%
2025-12-12 14:05:22 STATS CPU=3.4% RAM=87.06% DISKFREE=14.44%
2025-12-12 14:06:01 STATS CPU=11.27% RAM=87.41% DISKFREE=14.44%
2025-12-12 14:06:33 STATS CPU=10.07% RAM=82.11% DISKFREE=14.43%
2025-12-12 14:06:47 STATS CPU=6.96% RAM=85.44% DISKFREE=14.43%
2025-12-12 14:11:55 STATS CPU=4.04% RAM=85.18% DISKFREE=14.43%
2025-12-12 14:12:10 STATS CPU=31.86% RAM=84.37% DISKFREE=14.1%
2025-12-12 14:12:24 STATS CPU=5.37% RAM=84.8% DISKFREE=14.1%
2025-12-12 14:12:39 STATS CPU=4.2% RAM=84.79% DISKFREE=14.1%
2025-12-12 14:13:04 STATS CPU=4.89% RAM=84.13% DISKFREE=14.1%
2025-12-12 14:14:03 STATS CPU=3.2% RAM=83.97% DISKFREE=14.1%
2025-12-12 14:14:39 STATS CPU=8.5% RAM=85.79% DISKFREE=14.1%
2025-12-12 14:15:08 STATS CPU=5.86% RAM=86.74% DISKFREE=14.1%
2025-12-12 14:15:22 STATS CPU=8.75% RAM=85.39% DISKFREE=14.1%
2025-12-12 14:35:56 START monitor (Interval=10 s, CPU>80, RAM>80, DiskFree<10)
2025-12-12 14:36:06 STATS CPU=3.97% RAM=84.29% DISKFREE=13.95%
2025-12-12 14:36:07 ALERT: Hoher RAM-Verbrauch - RAM: 84.29% > Grenzwert 80%
2025-12-12 14:39:25 START monitor (GUI, Interval=10 s, CPU>80, RAM>80, DiskFree<10)
2025-12-12 14:39:41 STATS CPU=5.76% RAM=83.3% DISKFREE=13.95%
2025-12-12 14:39:42 ALERT: Hoher RAM-Verbrauch - RAM: 83.3% > Grenzwert 80%
2025-12-12 14:39:51 STATS CPU=4.15% RAM=83.73% DISKFREE=13.95%
2025-12-12 14:40:01 STATS CPU=6.97% RAM=83.72% DISKFREE=13.95%
2025-12-12 14:40:11 STATS CPU=4.11% RAM=84% DISKFREE=13.95%
2025-12-12 14:40:21 STATS CPU=4.2% RAM=85.59% DISKFREE=13.95%
2025-12-12 14:40:31 STATS CPU=4.7% RAM=85.85% DISKFREE=13.95%
2025-12-12 14:40:41 STATS CPU=4.42% RAM=85.93% DISKFREE=13.95%
2025-12-12 14:40:41 END monitor (GUI stop)
2025-12-12 14:43:51 START monitor (GUI, Interval=5 s, CPU>80, RAM>80, DiskFree<10)
2025-12-12 14:44:02 STATS CPU=2.19% RAM=80.7% DISKFREE=13.94%
2025-12-12 14:44:02 ALERT: Hoher RAM-Verbrauch - RAM: 80.7% > Grenzwert 80%
2025-12-12 14:44:07 STATS CPU=3.39% RAM=80.95% DISKFREE=13.94%
2025-12-12 14:44:12 STATS CPU=3.56% RAM=80.64% DISKFREE=13.94%
2025-12-12 14:44:17 STATS CPU=2.14% RAM=80.57% DISKFREE=13.94%
2025-12-12 14:44:22 STATS CPU=1.37% RAM=80.55% DISKFREE=13.94%
2025-12-12 14:44:27 STATS CPU=0.78% RAM=80.46% DISKFREE=13.94%
2025-12-12 14:44:32 STATS CPU=1.15% RAM=80.45% DISKFREE=13.94%
2025-12-12 14:44:37 STATS CPU=0.39% RAM=80.47% DISKFREE=13.94%
2025-12-12 14:44:42 STATS CPU=2.73% RAM=80.52% DISKFREE=13.94%
2025-12-18 08:28:11 START monitor (GUI, Interval=5 s, CPU>80, RAM>80, DiskFree<10)
2025-12-18 08:28:22 STATS CPU=8.48% RAM=52.87% DISKFREE=14.19%
2025-12-18 08:28:27 STATS CPU=1.8% RAM=52.87% DISKFREE=14.19%
2025-12-18 08:28:32 STATS CPU=2.66% RAM=52.77% DISKFREE=14.19%
2025-12-18 08:28:37 STATS CPU=3.41% RAM=52.76% DISKFREE=14.19%
2025-12-18 08:28:42 STATS CPU=1.85% RAM=53.34% DISKFREE=14.19%
2025-12-18 08:28:47 STATS CPU=4.44% RAM=53.39% DISKFREE=14.19%
2025-12-18 08:28:52 STATS CPU=4.19% RAM=53.39% DISKFREE=14.19%
2025-12-18 08:28:57 STATS CPU=3.58% RAM=53.38% DISKFREE=14.19%
2025-12-18 08:29:02 STATS CPU=3.41% RAM=53.32% DISKFREE=14.19%
2025-12-18 08:29:07 STATS CPU=4.66% RAM=53.28% DISKFREE=14.19%
2025-12-18 08:29:12 STATS CPU=2.51% RAM=52.87% DISKFREE=14.19%
2025-12-18 08:29:17 STATS CPU=1.47% RAM=52.75% DISKFREE=14.19%
2025-12-18 08:29:22 STATS CPU=8.72% RAM=52.93% DISKFREE=14.19%
2025-12-18 08:29:22 END monitor (GUI stop)
2025-12-18 10:21:40 START monitor (GUI, Interval=5 s, CPU>80, RAM>80, DiskFree<10)
2025-12-18 10:21:54 STATS CPU=6.85% RAM=63.3% DISKFREE=14.77%
2025-12-18 10:21:54 END monitor (GUI stop)
